TN:
SF:src\__tests__\fakes\FakeBrowserService.ts
FN:16,getBrowser
FN:20,closeBrowser
FN:24,newPage
FN:26,goto
FN:29,$$eval
FNF:5
FNH:5
FNDA:1,getBrowser
FNDA:1,closeBrowser
FNDA:1,newPage
FNDA:1,goto
FNDA:1,$$eval
DA:1,1
DA:2,1
DA:3,1
DA:4,1
DA:5,1
DA:6,1
DA:7,1
DA:8,1
DA:9,1
DA:10,1
DA:11,1
DA:12,1
DA:13,1
DA:14,1
DA:15,1
DA:16,1
DA:17,1
DA:18,1
DA:19,1
DA:20,1
DA:21,1
DA:22,1
DA:23,1
DA:24,1
DA:25,1
DA:26,1
DA:27,1
DA:28,1
DA:29,1
DA:30,1
DA:31,1
DA:32,1
DA:33,1
DA:34,1
DA:35,1
LF:35
LH:35
BRDA:16,0,0,1
BRDA:20,1,0,1
BRDA:24,2,0,1
BRDA:26,3,0,1
BRDA:29,4,0,1
BRF:5
BRH:5
end_of_record
TN:
SF:src\helpers\AppError.ts
FN:6,AppError
FNF:1
FNH:1
FNDA:2,AppError
DA:1,1
DA:2,1
DA:3,1
DA:4,1
DA:5,1
DA:6,1
DA:7,2
DA:8,2
DA:9,2
DA:10,1
DA:11,1
DA:12,1
LF:12
LH:12
BRDA:6,0,0,2
BRF:1
BRH:1
end_of_record
TN:
SF:src\useCases\GetRoomListUseCase.ts
FN:10,GetRoomListUseCase
FN:15,run
FN:48,validateMinDaysOfStay
FN:59,getUrl
FN:63,getFormattedRoomsData
FNF:5
FNH:5
FNDA:2,GetRoomListUseCase
FNDA:2,run
FNDA:2,validateMinDaysOfStay
FNDA:1,getUrl
FNDA:1,getFormattedRoomsData
DA:1,1
DA:2,1
DA:3,1
DA:4,1
DA:5,1
DA:6,1
DA:7,1
DA:8,1
DA:9,1
DA:10,1
DA:11,2
DA:12,2
DA:13,2
DA:14,1
DA:15,1
DA:16,2
DA:17,2
DA:18,2
DA:19,2
DA:20,2
DA:21,2
DA:22,1
DA:23,1
DA:24,1
DA:25,1
DA:26,1
DA:27,1
DA:28,1
DA:29,1
DA:30,1
DA:31,1
DA:32,1
DA:33,1
DA:34,1
DA:35,1
DA:36,1
DA:37,1
DA:38,1
DA:39,1
DA:40,1
DA:41,1
DA:42,1
DA:43,1
DA:44,1
DA:45,1
DA:46,1
DA:47,1
DA:48,1
DA:49,2
DA:50,2
DA:51,2
DA:52,2
DA:53,2
DA:54,2
DA:55,2
DA:56,2
DA:57,2
DA:58,1
DA:59,1
DA:60,1
DA:61,1
DA:62,1
DA:63,1
DA:64,1
DA:65,0
DA:66,0
DA:67,0
DA:68,0
DA:69,0
DA:70,0
DA:71,0
DA:72,0
DA:73,0
DA:74,0
DA:75,0
DA:76,0
DA:77,0
DA:78,0
DA:79,0
DA:80,0
DA:81,0
DA:82,0
DA:83,0
DA:84,0
DA:85,0
DA:86,0
DA:87,0
DA:88,0
DA:89,0
DA:90,0
DA:91,0
DA:92,1
DA:93,1
DA:94,1
DA:95,1
LF:95
LH:68
BRDA:10,0,0,2
BRDA:15,1,0,2
BRDA:15,2,0,2
BRDA:21,3,0,1
BRDA:48,4,0,2
BRDA:59,5,0,1
BRDA:63,6,0,1
BRF:7
BRH:7
end_of_record
